<?xml version="1.0" encoding="UTF-8"?>
<testsuite xmlns:xsi="http://www.w3.org/2001/XMLSchema-instance" xsi:noNamespaceSchemaLocation="https://maven.apache.org/surefire/maven-surefire-plugin/xsd/surefire-test-report.xsd" version="3.0.2" name="com.teachix.timetable.v1.TimetableRequestMapperV1Tests" time="0.031" tests="3" errors="0" skipped="0" failures="0" flakes="0">
  <properties>
[...]
</properties>
  <testcase name="expandsAssignmentIntoBlocks" classname="com.teachix.timetable.v1.TimetableRequestMapperV1Tests" time="0.022"/>
  <testcase name="appliesTeacherPreferredOnlyToTargetedTeacher" classname="com.teachix.timetable.v1.TimetableRequestMapperV1Tests" time="0.004"/>
  <testcase name="preservesSubjectPreferredBehavior" classname="com.teachix.timetable.v1.TimetableRequestMapperV1Tests" time="0.001"/>
</testsuite>